[2022-12-14 01:04:19] This is codeql database create codeql_db_javascript --language=javascript
[2022-12-14 01:04:19] Log file was started late.
[2022-12-14 01:04:19] [PROGRESS] database create> Initializing database at /home/user/asf/cloner/gh/clones/A_gsa_mygov-bar/codeql_db_javascript.
[2022-12-14 01:04:19] Running plumbing command: codeql database init --language=javascript --source-root=/home/user/asf/cloner/gh/clones/A_gsa_mygov-bar --allow-missing-source-root=false --allow-already-existing -- /home/user/asf/cloner/gh/clones/A_gsa_mygov-bar/codeql_db_javascript
[2022-12-14 01:04:19] [PROGRESS] database init> Computing baseline information in /home/user/asf/cloner/gh/clones/A_gsa_mygov-bar
[2022-12-14 01:04:19] [PROGRESS] database init> Resolving extractor javascript.
[2022-12-14 01:04:19] Calling plumbing command: codeql resolve languages --format=json
[2022-12-14 01:04:19] [DETAILS] resolve languages> Scanning for [codeql-extractor.yml] from /home/user/codeql/codeql/.codeqlmanifest.json
[2022-12-14 01:04:19] [DETAILS] resolve languages> Parsing /home/user/codeql/codeql/cpp/codeql-extractor.yml.
[2022-12-14 01:04:20] [DETAILS] resolve languages> Parsing /home/user/codeql/codeql/javascript/codeql-extractor.yml.
[2022-12-14 01:04:20] [DETAILS] resolve languages> Parsing /home/user/codeql/codeql/python/codeql-extractor.yml.
[2022-12-14 01:04:20] [DETAILS] resolve languages> Parsing /home/user/codeql/codeql/html/codeql-extractor.yml.
[2022-12-14 01:04:20] [DETAILS] resolve languages> Parsing /home/user/codeql/codeql/properties/codeql-extractor.yml.
[2022-12-14 01:04:20] [DETAILS] resolve languages> Parsing /home/user/codeql/codeql/go/codeql-extractor.yml.
[2022-12-14 01:04:20] [DETAILS] resolve languages> Parsing /home/user/codeql/codeql/ruby/codeql-extractor.yml.
[2022-12-14 01:04:20] [DETAILS] resolve languages> Parsing /home/user/codeql/codeql/csharp/codeql-extractor.yml.
[2022-12-14 01:04:20] [DETAILS] resolve languages> Parsing /home/user/codeql/codeql/xml/codeql-extractor.yml.
[2022-12-14 01:04:20] [DETAILS] resolve languages> Parsing /home/user/codeql/codeql/java/codeql-extractor.yml.
[2022-12-14 01:04:20] [DETAILS] resolve languages> Parsing /home/user/codeql/codeql/csv/codeql-extractor.yml.
[2022-12-14 01:04:20] Plumbing command codeql resolve languages completed:
                      {
                        "extractors" : {
                          "cpp" : [
                            {
                              "extractor_root" : "/home/user/codeql/codeql/cpp"
                            }
                          ],
                          "javascript" : [
                            {
                              "extractor_root" : "/home/user/codeql/codeql/javascript",
                              "extractor_options" : { }
                            }
                          ],
                          "python" : [
                            {
                              "extractor_root" : "/home/user/codeql/codeql/python"
                            }
                          ],
                          "html" : [
                            {
                              "extractor_root" : "/home/user/codeql/codeql/html"
                            }
                          ],
                          "properties" : [
                            {
                              "extractor_root" : "/home/user/codeql/codeql/properties"
                            }
                          ],
                          "go" : [
                            {
                              "extractor_root" : "/home/user/codeql/codeql/go"
                            }
                          ],
                          "ruby" : [
                            {
                              "extractor_root" : "/home/user/codeql/codeql/ruby"
                            }
                          ],
                          "csharp" : [
                            {
                              "extractor_root" : "/home/user/codeql/codeql/csharp",
                              "extractor_options" : {
                                "trap" : {
                                  "title" : "Options pertaining to TRAP.",
                                  "description" : "Options pertaining to TRAP.",
                                  "type" : "object",
                                  "properties" : {
                                    "compression" : {
                                      "title" : "Controls compression for the TRAP files written by the extractor.",
                                      "description" : "This option is only intended for use in debugging the extractor. Accepted values are 'brotli' (the default, to write brotli-compressed TRAP), 'gzip', and 'none' (to write uncompressed TRAP).\n",
                                      "type" : "string",
                                      "pattern" : "^(none|gzip|brotli)$"
                                    }
                                  }
                                },
                                "buildless" : {
                                  "title" : "Whether to use buildless (standalone) extraction.",
                                  "description" : "A value indicating, which type of extraction the autobuilder should perform. If 'true', then the standalone extractor will be used, otherwise tracing extraction will be performed. The default is 'false'. Note that buildless extraction will generally yield less accurate analysis results, and should only be used in cases where it is not possible to build the code (for example if it uses inaccessible dependencies).\n",
                                  "type" : "string",
                                  "pattern" : "^(false|true)$"
                                },
                                "cil" : {
                                  "title" : "Whether to enable CIL extraction.",
                                  "description" : "A value indicating, whether CIL extraction should be enabled. The default is 'true'.\n",
                                  "type" : "string",
                                  "pattern" : "^(false|true)$"
                                }
                              }
                            }
                          ],
                          "xml" : [
                            {
                              "extractor_root" : "/home/user/codeql/codeql/xml"
                            }
                          ],
                          "java" : [
                            {
                              "extractor_root" : "/home/user/codeql/codeql/java",
                              "extractor_options" : {
                                "exclude" : {
                                  "title" : "A glob excluding files from analysis.",
                                  "description" : "A glob indicating what files to exclude from the analysis.\n",
                                  "type" : "string"
                                }
                              }
                            }
                          ],
                          "csv" : [
                            {
                              "extractor_root" : "/home/user/codeql/codeql/csv"
                            }
                          ]
                        }
                      }
[2022-12-14 01:04:20] [DETAILS] database init> Found candidate extractor root for javascript: /home/user/codeql/codeql/javascript.
[2022-12-14 01:04:20] [PROGRESS] database init> Successfully loaded extractor JavaScript (javascript) from /home/user/codeql/codeql/javascript.
[2022-12-14 01:04:20] [PROGRESS] database init> Created skeleton CodeQL database at /home/user/asf/cloner/gh/clones/A_gsa_mygov-bar/codeql_db_javascript. This in-progress database is ready to be populated by an extractor.
[2022-12-14 01:04:20] Plumbing command codeql database init completed.
[2022-12-14 01:04:20] [PROGRESS] database create> Running build command: []
[2022-12-14 01:04:20] Running plumbing command: codeql database trace-command --working-dir=/home/user/asf/cloner/gh/clones/A_gsa_mygov-bar --index-traceless-dbs --no-db-cluster -- /home/user/asf/cloner/gh/clones/A_gsa_mygov-bar/codeql_db_javascript
[2022-12-14 01:04:20] Using autobuild script /home/user/codeql/codeql/javascript/tools/autobuild.sh.
[2022-12-14 01:04:20] [PROGRESS] database trace-command> Running command in /home/user/asf/cloner/gh/clones/A_gsa_mygov-bar: [/home/user/codeql/codeql/javascript/tools/autobuild.sh]
[2022-12-14 01:04:20] [build-stdout] Single-threaded extraction.
[2022-12-14 01:04:20] [build-stdout] Extracting /home/user/asf/cloner/gh/clones/A_gsa_mygov-bar/_includes/embed-code.html
[2022-12-14 01:04:20] [build-stdout] Done extracting /home/user/asf/cloner/gh/clones/A_gsa_mygov-bar/_includes/embed-code.html (105 ms)
[2022-12-14 01:04:20] [build-stdout] Extracting /home/user/asf/cloner/gh/clones/A_gsa_mygov-bar/_includes/footer.html
[2022-12-14 01:04:20] [build-stdout] Done extracting /home/user/asf/cloner/gh/clones/A_gsa_mygov-bar/_includes/footer.html (8 ms)
[2022-12-14 01:04:20] [build-stdout] Extracting /home/user/asf/cloner/gh/clones/A_gsa_mygov-bar/_includes/header.html
[2022-12-14 01:04:20] [build-stdout] Done extracting /home/user/asf/cloner/gh/clones/A_gsa_mygov-bar/_includes/header.html (4 ms)
[2022-12-14 01:04:20] [build-stdout] Extracting /home/user/asf/cloner/gh/clones/A_gsa_mygov-bar/_includes/related-widget.html
[2022-12-14 01:04:20] [build-stdout] Done extracting /home/user/asf/cloner/gh/clones/A_gsa_mygov-bar/_includes/related-widget.html (2 ms)
[2022-12-14 01:04:20] [build-stdout] Extracting /home/user/asf/cloner/gh/clones/A_gsa_mygov-bar/_layouts/demo.html
[2022-12-14 01:04:20] [build-stdout] Done extracting /home/user/asf/cloner/gh/clones/A_gsa_mygov-bar/_layouts/demo.html (4 ms)
[2022-12-14 01:04:20] [build-stdout] Extracting /home/user/asf/cloner/gh/clones/A_gsa_mygov-bar/_layouts/main.html
[2022-12-14 01:04:20] [build-stdout] Done extracting /home/user/asf/cloner/gh/clones/A_gsa_mygov-bar/_layouts/main.html (1 ms)
[2022-12-14 01:04:20] [build-stdout] Extracting /home/user/asf/cloner/gh/clones/A_gsa_mygov-bar/_test/embed.html
[2022-12-14 01:04:20] [build-stdout] Done extracting /home/user/asf/cloner/gh/clones/A_gsa_mygov-bar/_test/embed.html (8 ms)
[2022-12-14 01:04:20] [build-stdout] Extracting /home/user/asf/cloner/gh/clones/A_gsa_mygov-bar/mygov-bar.html
[2022-12-14 01:04:20] [build-stdout] Done extracting /home/user/asf/cloner/gh/clones/A_gsa_mygov-bar/mygov-bar.html (8 ms)
[2022-12-14 01:04:20] [build-stdout] Extracting /home/user/asf/cloner/gh/clones/A_gsa_mygov-bar/_includes/js/vendor/backbone.js
[2022-12-14 01:04:20] [build-stdout] Done extracting /home/user/asf/cloner/gh/clones/A_gsa_mygov-bar/_includes/js/vendor/backbone.js (333 ms)
[2022-12-14 01:04:20] [build-stdout] Extracting /home/user/asf/cloner/gh/clones/A_gsa_mygov-bar/_includes/js/vendor/bbq.js
[2022-12-14 01:04:20] [build-stdout] Done extracting /home/user/asf/cloner/gh/clones/A_gsa_mygov-bar/_includes/js/vendor/bbq.js (48 ms)
[2022-12-14 01:04:20] [build-stdout] Extracting /home/user/asf/cloner/gh/clones/A_gsa_mygov-bar/_includes/js/vendor/jquery.raty.js
[2022-12-14 01:04:21] [build-stdout] Done extracting /home/user/asf/cloner/gh/clones/A_gsa_mygov-bar/_includes/js/vendor/jquery.raty.js (80 ms)
[2022-12-14 01:04:21] [build-stdout] Extracting /home/user/asf/cloner/gh/clones/A_gsa_mygov-bar/_includes/js/vendor/textext.js
[2022-12-14 01:04:21] [build-stdout] Done extracting /home/user/asf/cloner/gh/clones/A_gsa_mygov-bar/_includes/js/vendor/textext.js (201 ms)
[2022-12-14 01:04:21] [build-stdout] Extracting /home/user/asf/cloner/gh/clones/A_gsa_mygov-bar/_includes/js/vendor/underscore.js
[2022-12-14 01:04:21] [build-stdout] Done extracting /home/user/asf/cloner/gh/clones/A_gsa_mygov-bar/_includes/js/vendor/underscore.js (147 ms)
[2022-12-14 01:04:21] [build-stdout] Extracting /home/user/asf/cloner/gh/clones/A_gsa_mygov-bar/_includes/js/bookmarklet.js
[2022-12-14 01:04:21] [build-stdout] Done extracting /home/user/asf/cloner/gh/clones/A_gsa_mygov-bar/_includes/js/bookmarklet.js (2 ms)
[2022-12-14 01:04:21] [build-stdout] Extracting /home/user/asf/cloner/gh/clones/A_gsa_mygov-bar/_includes/js/config.js
[2022-12-14 01:04:21] [build-stdout] Done extracting /home/user/asf/cloner/gh/clones/A_gsa_mygov-bar/_includes/js/config.js (2 ms)
[2022-12-14 01:04:21] [build-stdout] Extracting /home/user/asf/cloner/gh/clones/A_gsa_mygov-bar/_includes/js/embed.js
[2022-12-14 01:04:21] [build-stdout] Done extracting /home/user/asf/cloner/gh/clones/A_gsa_mygov-bar/_includes/js/embed.js (41 ms)
[2022-12-14 01:04:21] [build-stdout] Extracting /home/user/asf/cloner/gh/clones/A_gsa_mygov-bar/_includes/js/mygovbar.js
[2022-12-14 01:04:21] [build-stdout] Done extracting /home/user/asf/cloner/gh/clones/A_gsa_mygov-bar/_includes/js/mygovbar.js (117 ms)
[2022-12-14 01:04:21] [build-stdout] Extracting /home/user/asf/cloner/gh/clones/A_gsa_mygov-bar/_includes/js/related-widget.js
[2022-12-14 01:04:21] [build-stdout] Done extracting /home/user/asf/cloner/gh/clones/A_gsa_mygov-bar/_includes/js/related-widget.js (7 ms)
[2022-12-14 01:04:21] [build-stdout] Extracting /home/user/asf/cloner/gh/clones/A_gsa_mygov-bar/_includes/js/templates.js
[2022-12-14 01:04:21] [build-stdout] Done extracting /home/user/asf/cloner/gh/clones/A_gsa_mygov-bar/_includes/js/templates.js (14 ms)
[2022-12-14 01:04:21] [build-stdout] Extracting /home/user/asf/cloner/gh/clones/A_gsa_mygov-bar/plugins/chrome/inject.js
[2022-12-14 01:04:21] [build-stdout] Done extracting /home/user/asf/cloner/gh/clones/A_gsa_mygov-bar/plugins/chrome/inject.js (3 ms)
[2022-12-14 01:04:21] [build-stdout] Extracting /home/user/asf/cloner/gh/clones/A_gsa_mygov-bar/plugins/firefox/mygov-discovery-bar.js
[2022-12-14 01:04:21] [build-stdout] Done extracting /home/user/asf/cloner/gh/clones/A_gsa_mygov-bar/plugins/firefox/mygov-discovery-bar.js (2 ms)
[2022-12-14 01:04:21] [build-stdout] Extracting /home/user/asf/cloner/gh/clones/A_gsa_mygov-bar/_test/embed.js
[2022-12-14 01:04:21] [build-stdout] Done extracting /home/user/asf/cloner/gh/clones/A_gsa_mygov-bar/_test/embed.js (5 ms)
[2022-12-14 01:04:21] [build-stdout] Extracting /home/user/asf/cloner/gh/clones/A_gsa_mygov-bar/js/app.js
[2022-12-14 01:04:21] [build-stdout] Done extracting /home/user/asf/cloner/gh/clones/A_gsa_mygov-bar/js/app.js (1 ms)
[2022-12-14 01:04:21] [build-stdout] Extracting /home/user/asf/cloner/gh/clones/A_gsa_mygov-bar/js/jquery.js
[2022-12-14 01:04:22] [build-stdout] Done extracting /home/user/asf/cloner/gh/clones/A_gsa_mygov-bar/js/jquery.js (879 ms)
[2022-12-14 01:04:22] [build-stdout] Extracting /home/user/asf/cloner/gh/clones/A_gsa_mygov-bar/_config.yml
[2022-12-14 01:04:22] [build-stdout] Done extracting /home/user/asf/cloner/gh/clones/A_gsa_mygov-bar/_config.yml (17 ms)
[2022-12-14 01:04:22] [build-stdout] Extracting /home/user/asf/cloner/gh/clones/A_gsa_mygov-bar/mygov-bar.js
[2022-12-14 01:04:22] [build-stdout] Done extracting /home/user/asf/cloner/gh/clones/A_gsa_mygov-bar/mygov-bar.js (0 ms)
[2022-12-14 01:04:22] [build-stdout] Extracting /home/user/asf/cloner/gh/clones/A_gsa_mygov-bar/package.json
[2022-12-14 01:04:22] [build-stdout] Done extracting /home/user/asf/cloner/gh/clones/A_gsa_mygov-bar/package.json (3 ms)
[2022-12-14 01:04:22] [build-stderr] No externs trap cache found
[2022-12-14 01:04:22] [build-stdout] Extracting /home/user/codeql/codeql/javascript/tools/data/externs/web/gecko_ext.js
[2022-12-14 01:04:22] [build-stdout] Done extracting /home/user/codeql/codeql/javascript/tools/data/externs/web/gecko_ext.js (4 ms)
[2022-12-14 01:04:22] [build-stdout] Extracting /home/user/codeql/codeql/javascript/tools/data/externs/web/w3c_permissions.js
[2022-12-14 01:04:22] [build-stdout] Done extracting /home/user/codeql/codeql/javascript/tools/data/externs/web/w3c_permissions.js (8 ms)
[2022-12-14 01:04:22] [build-stdout] Extracting /home/user/codeql/codeql/javascript/tools/data/externs/web/gecko_dom.js
[2022-12-14 01:04:22] [build-stdout] Done extracting /home/user/codeql/codeql/javascript/tools/data/externs/web/gecko_dom.js (52 ms)
[2022-12-14 01:04:22] [build-stdout] Extracting /home/user/codeql/codeql/javascript/tools/data/externs/web/webkit_usercontent.js
[2022-12-14 01:04:22] [build-stdout] Done extracting /home/user/codeql/codeql/javascript/tools/data/externs/web/webkit_usercontent.js (3 ms)
[2022-12-14 01:04:22] [build-stdout] Extracting /home/user/codeql/codeql/javascript/tools/data/externs/web/webstorage.js
[2022-12-14 01:04:22] [build-stdout] Done extracting /home/user/codeql/codeql/javascript/tools/data/externs/web/webstorage.js (7 ms)
[2022-12-14 01:04:22] [build-stdout] Extracting /home/user/codeql/codeql/javascript/tools/data/externs/web/fileapi.js
[2022-12-14 01:04:22] [build-stdout] Done extracting /home/user/codeql/codeql/javascript/tools/data/externs/web/fileapi.js (54 ms)
[2022-12-14 01:04:22] [build-stdout] Extracting /home/user/codeql/codeql/javascript/tools/data/externs/web/w3c_xml.js
[2022-12-14 01:04:22] [build-stdout] Done extracting /home/user/codeql/codeql/javascript/tools/data/externs/web/w3c_xml.js (19 ms)
[2022-12-14 01:04:22] [build-stdout] Extracting /home/user/codeql/codeql/javascript/tools/data/externs/web/webkit_css.js
[2022-12-14 01:04:22] [build-stdout] Done extracting /home/user/codeql/codeql/javascript/tools/data/externs/web/webkit_css.js (65 ms)
[2022-12-14 01:04:22] [build-stdout] Extracting /home/user/codeql/codeql/javascript/tools/data/externs/web/w3c_range.js
[2022-12-14 01:04:22] [build-stdout] Done extracting /home/user/codeql/codeql/javascript/tools/data/externs/web/w3c_range.js (15 ms)
[2022-12-14 01:04:22] [build-stdout] Extracting /home/user/codeql/codeql/javascript/tools/data/externs/web/w3c_indexeddb.js
[2022-12-14 01:04:22] [build-stdout] Done extracting /home/user/codeql/codeql/javascript/tools/data/externs/web/w3c_indexeddb.js (41 ms)
[2022-12-14 01:04:22] [build-stdout] Extracting /home/user/codeql/codeql/javascript/tools/data/externs/web/whatwg_encoding.js
[2022-12-14 01:04:22] [build-stdout] Done extracting /home/user/codeql/codeql/javascript/tools/data/externs/web/whatwg_encoding.js (2 ms)
[2022-12-14 01:04:22] [build-stdout] Extracting /home/user/codeql/codeql/javascript/tools/data/externs/web/w3c_css3d.js
[2022-12-14 01:04:22] [build-stdout] Done extracting /home/user/codeql/codeql/javascript/tools/data/externs/web/w3c_css3d.js (10 ms)
[2022-12-14 01:04:22] [build-stdout] Extracting /home/user/codeql/codeql/javascript/tools/data/externs/web/mediasource.js
[2022-12-14 01:04:22] [build-stdout] Done extracting /home/user/codeql/codeql/javascript/tools/data/externs/web/mediasource.js (9 ms)
[2022-12-14 01:04:22] [build-stdout] Extracting /home/user/codeql/codeql/javascript/tools/data/externs/web/w3c_dom2.js
[2022-12-14 01:04:22] [build-stdout] Done extracting /home/user/codeql/codeql/javascript/tools/data/externs/web/w3c_dom2.js (98 ms)
[2022-12-14 01:04:22] [build-stdout] Extracting /home/user/codeql/codeql/javascript/tools/data/externs/web/gecko_event.js
[2022-12-14 01:04:22] [build-stdout] Done extracting /home/user/codeql/codeql/javascript/tools/data/externs/web/gecko_event.js (7 ms)
[2022-12-14 01:04:22] [build-stdout] Extracting /home/user/codeql/codeql/javascript/tools/data/externs/web/window.js
[2022-12-14 01:04:22] [build-stdout] Done extracting /home/user/codeql/codeql/javascript/tools/data/externs/web/window.js (8 ms)
[2022-12-14 01:04:22] [build-stdout] Extracting /home/user/codeql/codeql/javascript/tools/data/externs/web/webkit_notifications.js
[2022-12-14 01:04:22] [build-stdout] Done extracting /home/user/codeql/codeql/javascript/tools/data/externs/web/webkit_notifications.js (14 ms)
[2022-12-14 01:04:22] [build-stdout] Extracting /home/user/codeql/codeql/javascript/tools/data/externs/web/streamsapi.js
[2022-12-14 01:04:22] [build-stdout] Done extracting /home/user/codeql/codeql/javascript/tools/data/externs/web/streamsapi.js (39 ms)
[2022-12-14 01:04:22] [build-stdout] Extracting /home/user/codeql/codeql/javascript/tools/data/externs/web/w3c_rtc.js
[2022-12-14 01:04:23] [build-stdout] Done extracting /home/user/codeql/codeql/javascript/tools/data/externs/web/w3c_rtc.js (130 ms)
[2022-12-14 01:04:23] [build-stdout] Extracting /home/user/codeql/codeql/javascript/tools/data/externs/web/w3c_midi.js
[2022-12-14 01:04:23] [build-stdout] Done extracting /home/user/codeql/codeql/javascript/tools/data/externs/web/w3c_midi.js (9 ms)
[2022-12-14 01:04:23] [build-stdout] Extracting /home/user/codeql/codeql/javascript/tools/data/externs/web/gecko_xml.js
[2022-12-14 01:04:23] [build-stdout] Done extracting /home/user/codeql/codeql/javascript/tools/data/externs/web/gecko_xml.js (3 ms)
[2022-12-14 01:04:23] [build-stdout] Extracting /home/user/codeql/codeql/javascript/tools/data/externs/web/w3c_event3.js
[2022-12-14 01:04:23] [build-stdout] Done extracting /home/user/codeql/codeql/javascript/tools/data/externs/web/w3c_event3.js (4 ms)
[2022-12-14 01:04:23] [build-stdout] Extracting /home/user/codeql/codeql/javascript/tools/data/externs/web/w3c_gamepad.js
[2022-12-14 01:04:23] [build-stdout] Done extracting /home/user/codeql/codeql/javascript/tools/data/externs/web/w3c_gamepad.js (4 ms)
[2022-12-14 01:04:23] [build-stdout] Extracting /home/user/codeql/codeql/javascript/tools/data/externs/web/intl.js
[2022-12-14 01:04:23] [build-stdout] Done extracting /home/user/codeql/codeql/javascript/tools/data/externs/web/intl.js (14 ms)
[2022-12-14 01:04:23] [build-stdout] Extracting /home/user/codeql/codeql/javascript/tools/data/externs/web/page_visibility.js
[2022-12-14 01:04:23] [build-stdout] Done extracting /home/user/codeql/codeql/javascript/tools/data/externs/web/page_visibility.js (1 ms)
[2022-12-14 01:04:23] [build-stdout] Extracting /home/user/codeql/codeql/javascript/tools/data/externs/web/w3c_dom3.js
[2022-12-14 01:04:23] [build-stdout] Done extracting /home/user/codeql/codeql/javascript/tools/data/externs/web/w3c_dom3.js (44 ms)
[2022-12-14 01:04:23] [build-stdout] Extracting /home/user/codeql/codeql/javascript/tools/data/externs/web/webgl.js
[2022-12-14 01:04:23] [build-stdout] Done extracting /home/user/codeql/codeql/javascript/tools/data/externs/web/webgl.js (190 ms)
[2022-12-14 01:04:23] [build-stdout] Extracting /home/user/codeql/codeql/javascript/tools/data/externs/web/ie_dom.js
[2022-12-14 01:04:23] [build-stdout] Done extracting /home/user/codeql/codeql/javascript/tools/data/externs/web/ie_dom.js (61 ms)
[2022-12-14 01:04:23] [build-stdout] Extracting /home/user/codeql/codeql/javascript/tools/data/externs/web/ie_css.js
[2022-12-14 01:04:23] [build-stdout] Done extracting /home/user/codeql/codeql/javascript/tools/data/externs/web/ie_css.js (12 ms)
[2022-12-14 01:04:23] [build-stdout] Extracting /home/user/codeql/codeql/javascript/tools/data/externs/web/chrome.js
[2022-12-14 01:04:23] [build-stdout] Done extracting /home/user/codeql/codeql/javascript/tools/data/externs/web/chrome.js (29 ms)
[2022-12-14 01:04:23] [build-stdout] Extracting /home/user/codeql/codeql/javascript/tools/data/externs/web/w3c_requestidlecallback.js
[2022-12-14 01:04:23] [build-stdout] Done extracting /home/user/codeql/codeql/javascript/tools/data/externs/web/w3c_requestidlecallback.js (3 ms)
[2022-12-14 01:04:23] [build-stdout] Extracting /home/user/codeql/codeql/javascript/tools/data/externs/web/w3c_dom4.js
[2022-12-14 01:04:23] [build-stdout] Done extracting /home/user/codeql/codeql/javascript/tools/data/externs/web/w3c_dom4.js (2 ms)
[2022-12-14 01:04:23] [build-stdout] Extracting /home/user/codeql/codeql/javascript/tools/data/externs/web/w3c_anim_timing.js
[2022-12-14 01:04:23] [build-stdout] Done extracting /home/user/codeql/codeql/javascript/tools/data/externs/web/w3c_anim_timing.js (5 ms)
[2022-12-14 01:04:23] [build-stdout] Extracting /home/user/codeql/codeql/javascript/tools/data/externs/web/w3c_css.js
[2022-12-14 01:04:23] [build-stdout] Done extracting /home/user/codeql/codeql/javascript/tools/data/externs/web/w3c_css.js (87 ms)
[2022-12-14 01:04:23] [build-stdout] Extracting /home/user/codeql/codeql/javascript/tools/data/externs/web/w3c_elementtraversal.js
[2022-12-14 01:04:23] [build-stdout] Done extracting /home/user/codeql/codeql/javascript/tools/data/externs/web/w3c_elementtraversal.js (3 ms)
[2022-12-14 01:04:23] [build-stdout] Extracting /home/user/codeql/codeql/javascript/tools/data/externs/web/w3c_dom1.js
[2022-12-14 01:04:23] [build-stdout] Done extracting /home/user/codeql/codeql/javascript/tools/data/externs/web/w3c_dom1.js (47 ms)
[2022-12-14 01:04:23] [build-stdout] Extracting /home/user/codeql/codeql/javascript/tools/data/externs/web/w3c_pointer_events.js
[2022-12-14 01:04:23] [build-stdout] Done extracting /home/user/codeql/codeql/javascript/tools/data/externs/web/w3c_pointer_events.js (4 ms)
[2022-12-14 01:04:23] [build-stdout] Extracting /home/user/codeql/codeql/javascript/tools/data/externs/web/webkit_event.js
[2022-12-14 01:04:23] [build-stdout] Done extracting /home/user/codeql/codeql/javascript/tools/data/externs/web/webkit_event.js (1 ms)
[2022-12-14 01:04:23] [build-stdout] Extracting /home/user/codeql/codeql/javascript/tools/data/externs/web/ie_vml.js
[2022-12-14 01:04:23] [build-stdout] Done extracting /home/user/codeql/codeql/javascript/tools/data/externs/web/ie_vml.js (2 ms)
[2022-12-14 01:04:23] [build-stdout] Extracting /home/user/codeql/codeql/javascript/tools/data/externs/web/w3c_encoding.js
[2022-12-14 01:04:23] [build-stdout] Done extracting /home/user/codeql/codeql/javascript/tools/data/externs/web/w3c_encoding.js (2 ms)
[2022-12-14 01:04:23] [build-stdout] Extracting /home/user/codeql/codeql/javascript/tools/data/externs/web/w3c_serviceworker.js
[2022-12-14 01:04:23] [build-stdout] Done extracting /home/user/codeql/codeql/javascript/tools/data/externs/web/w3c_serviceworker.js (31 ms)
[2022-12-14 01:04:23] [build-stdout] Extracting /home/user/codeql/codeql/javascript/tools/data/externs/web/w3c_device_sensor_event.js
[2022-12-14 01:04:23] [build-stdout] Done extracting /home/user/codeql/codeql/javascript/tools/data/externs/web/w3c_device_sensor_event.js (4 ms)
[2022-12-14 01:04:23] [build-stdout] Extracting /home/user/codeql/codeql/javascript/tools/data/externs/web/w3c_event.js
[2022-12-14 01:04:23] [build-stdout] Done extracting /home/user/codeql/codeql/javascript/tools/data/externs/web/w3c_event.js (28 ms)
[2022-12-14 01:04:23] [build-stdout] Extracting /home/user/codeql/codeql/javascript/tools/data/externs/web/url.js
[2022-12-14 01:04:23] [build-stdout] Done extracting /home/user/codeql/codeql/javascript/tools/data/externs/web/url.js (8 ms)
[2022-12-14 01:04:23] [build-stdout] Extracting /home/user/codeql/codeql/javascript/tools/data/externs/web/w3c_screen_orientation.js
[2022-12-14 01:04:23] [build-stdout] Done extracting /home/user/codeql/codeql/javascript/tools/data/externs/web/w3c_screen_orientation.js (2 ms)
[2022-12-14 01:04:23] [build-stdout] Extracting /home/user/codeql/codeql/javascript/tools/data/externs/web/w3c_batterystatus.js
[2022-12-14 01:04:23] [build-stdout] Done extracting /home/user/codeql/codeql/javascript/tools/data/externs/web/w3c_batterystatus.js (3 ms)
[2022-12-14 01:04:23] [build-stdout] Extracting /home/user/codeql/codeql/javascript/tools/data/externs/web/w3c_webcrypto.js
[2022-12-14 01:04:23] [build-stdout] Done extracting /home/user/codeql/codeql/javascript/tools/data/externs/web/w3c_webcrypto.js (22 ms)
[2022-12-14 01:04:23] [build-stdout] Extracting /home/user/codeql/codeql/javascript/tools/data/externs/web/fetchapi.js
[2022-12-14 01:04:23] [build-stdout] Done extracting /home/user/codeql/codeql/javascript/tools/data/externs/web/fetchapi.js (28 ms)
[2022-12-14 01:04:23] [build-stdout] Extracting /home/user/codeql/codeql/javascript/tools/data/externs/web/w3c_touch_event.js
[2022-12-14 01:04:23] [build-stdout] Done extracting /home/user/codeql/codeql/javascript/tools/data/externs/web/w3c_touch_event.js (13 ms)
[2022-12-14 01:04:23] [build-stdout] Extracting /home/user/codeql/codeql/javascript/tools/data/externs/web/html5.js
[2022-12-14 01:04:23] [build-stdout] Done extracting /home/user/codeql/codeql/javascript/tools/data/externs/web/html5.js (184 ms)
[2022-12-14 01:04:23] [build-stdout] Extracting /home/user/codeql/codeql/javascript/tools/data/externs/web/iphone.js
[2022-12-14 01:04:23] [build-stdout] Done extracting /home/user/codeql/codeql/javascript/tools/data/externs/web/iphone.js (6 ms)
[2022-12-14 01:04:23] [build-stdout] Extracting /home/user/codeql/codeql/javascript/tools/data/externs/web/ie_event.js
[2022-12-14 01:04:23] [build-stdout] Done extracting /home/user/codeql/codeql/javascript/tools/data/externs/web/ie_event.js (10 ms)
[2022-12-14 01:04:23] [build-stdout] Extracting /home/user/codeql/codeql/javascript/tools/data/externs/web/flash.js
[2022-12-14 01:04:23] [build-stdout] Done extracting /home/user/codeql/codeql/javascript/tools/data/externs/web/flash.js (10 ms)
[2022-12-14 01:04:23] [build-stdout] Extracting /home/user/codeql/codeql/javascript/tools/data/externs/web/webkit_dom.js
[2022-12-14 01:04:23] [build-stdout] Done extracting /home/user/codeql/codeql/javascript/tools/data/externs/web/webkit_dom.js (13 ms)
[2022-12-14 01:04:23] [build-stdout] Extracting /home/user/codeql/codeql/javascript/tools/data/externs/web/w3c_geolocation.js
[2022-12-14 01:04:24] [build-stdout] Done extracting /home/user/codeql/codeql/javascript/tools/data/externs/web/w3c_geolocation.js (6 ms)
[2022-12-14 01:04:24] [build-stdout] Extracting /home/user/codeql/codeql/javascript/tools/data/externs/web/w3c_navigation_timing.js
[2022-12-14 01:04:24] [build-stdout] Done extracting /home/user/codeql/codeql/javascript/tools/data/externs/web/w3c_navigation_timing.js (12 ms)
[2022-12-14 01:04:24] [build-stdout] Extracting /home/user/codeql/codeql/javascript/tools/data/externs/web/gecko_css.js
[2022-12-14 01:04:24] [build-stdout] Done extracting /home/user/codeql/codeql/javascript/tools/data/externs/web/gecko_css.js (10 ms)
[2022-12-14 01:04:24] [build-stdout] Extracting /home/user/codeql/codeql/javascript/tools/data/externs/web/w3c_selectors.js
[2022-12-14 01:04:24] [build-stdout] Done extracting /home/user/codeql/codeql/javascript/tools/data/externs/web/w3c_selectors.js (4 ms)
[2022-12-14 01:04:24] [build-stdout] Extracting /home/user/codeql/codeql/javascript/tools/data/externs/nodejs/cluster.js
[2022-12-14 01:04:24] [build-stdout] Done extracting /home/user/codeql/codeql/javascript/tools/data/externs/nodejs/cluster.js (58 ms)
[2022-12-14 01:04:24] [build-stdout] Extracting /home/user/codeql/codeql/javascript/tools/data/externs/nodejs/string_decoder.js
[2022-12-14 01:04:24] [build-stdout] Done extracting /home/user/codeql/codeql/javascript/tools/data/externs/nodejs/string_decoder.js (4 ms)
[2022-12-14 01:04:24] [build-stdout] Extracting /home/user/codeql/codeql/javascript/tools/data/externs/nodejs/console.js
[2022-12-14 01:04:24] [build-stdout] Done extracting /home/user/codeql/codeql/javascript/tools/data/externs/nodejs/console.js (1 ms)
[2022-12-14 01:04:24] [build-stdout] Extracting /home/user/codeql/codeql/javascript/tools/data/externs/nodejs/punycode.js
[2022-12-14 01:04:24] [build-stdout] Done extracting /home/user/codeql/codeql/javascript/tools/data/externs/nodejs/punycode.js (4 ms)
[2022-12-14 01:04:24] [build-stdout] Extracting /home/user/codeql/codeql/javascript/tools/data/externs/nodejs/http.js
[2022-12-14 01:04:24] [build-stdout] Done extracting /home/user/codeql/codeql/javascript/tools/data/externs/nodejs/http.js (29 ms)
[2022-12-14 01:04:24] [build-stdout] Extracting /home/user/codeql/codeql/javascript/tools/data/externs/nodejs/tty.js
[2022-12-14 01:04:24] [build-stdout] Done extracting /home/user/codeql/codeql/javascript/tools/data/externs/nodejs/tty.js (5 ms)
[2022-12-14 01:04:24] [build-stdout] Extracting /home/user/codeql/codeql/javascript/tools/data/externs/nodejs/globals.js
[2022-12-14 01:04:24] [build-stdout] Done extracting /home/user/codeql/codeql/javascript/tools/data/externs/nodejs/globals.js (88 ms)
[2022-12-14 01:04:24] [build-stdout] Extracting /home/user/codeql/codeql/javascript/tools/data/externs/nodejs/child_process.js
[2022-12-14 01:04:24] [build-stdout] Done extracting /home/user/codeql/codeql/javascript/tools/data/externs/nodejs/child_process.js (41 ms)
[2022-12-14 01:04:24] [build-stdout] Extracting /home/user/codeql/codeql/javascript/tools/data/externs/nodejs/path.js
[2022-12-14 01:04:24] [build-stdout] Done extracting /home/user/codeql/codeql/javascript/tools/data/externs/nodejs/path.js (15 ms)
[2022-12-14 01:04:24] [build-stdout] Extracting /home/user/codeql/codeql/javascript/tools/data/externs/nodejs/buffer.js
[2022-12-14 01:04:24] [build-stdout] Done extracting /home/user/codeql/codeql/javascript/tools/data/externs/nodejs/buffer.js (6 ms)
[2022-12-14 01:04:24] [build-stdout] Extracting /home/user/codeql/codeql/javascript/tools/data/externs/nodejs/v8.js
[2022-12-14 01:04:24] [build-stdout] Done extracting /home/user/codeql/codeql/javascript/tools/data/externs/nodejs/v8.js (3 ms)
[2022-12-14 01:04:24] [build-stdout] Extracting /home/user/codeql/codeql/javascript/tools/data/externs/nodejs/dgram.js
[2022-12-14 01:04:24] [build-stdout] Done extracting /home/user/codeql/codeql/javascript/tools/data/externs/nodejs/dgram.js (11 ms)
[2022-12-14 01:04:24] [build-stdout] Extracting /home/user/codeql/codeql/javascript/tools/data/externs/nodejs/querystring.js
[2022-12-14 01:04:24] [build-stdout] Done extracting /home/user/codeql/codeql/javascript/tools/data/externs/nodejs/querystring.js (5 ms)
[2022-12-14 01:04:24] [build-stdout] Extracting /home/user/codeql/codeql/javascript/tools/data/externs/nodejs/readline.js
[2022-12-14 01:04:24] [build-stdout] Done extracting /home/user/codeql/codeql/javascript/tools/data/externs/nodejs/readline.js (11 ms)
[2022-12-14 01:04:24] [build-stdout] Extracting /home/user/codeql/codeql/javascript/tools/data/externs/nodejs/os.js
[2022-12-14 01:04:24] [build-stdout] Done extracting /home/user/codeql/codeql/javascript/tools/data/externs/nodejs/os.js (14 ms)
[2022-12-14 01:04:24] [build-stdout] Extracting /home/user/codeql/codeql/javascript/tools/data/externs/nodejs/assert_legacy.js
[2022-12-14 01:04:24] [build-stdout] Done extracting /home/user/codeql/codeql/javascript/tools/data/externs/nodejs/assert_legacy.js (1 ms)
[2022-12-14 01:04:24] [build-stdout] Extracting /home/user/codeql/codeql/javascript/tools/data/externs/nodejs/tls.js
[2022-12-14 01:04:24] [build-stdout] Done extracting /home/user/codeql/codeql/javascript/tools/data/externs/nodejs/tls.js (26 ms)
[2022-12-14 01:04:24] [build-stdout] Extracting /home/user/codeql/codeql/javascript/tools/data/externs/nodejs/https.js
[2022-12-14 01:04:24] [build-stdout] Done extracting /home/user/codeql/codeql/javascript/tools/data/externs/nodejs/https.js (10 ms)
[2022-12-14 01:04:24] [build-stdout] Extracting /home/user/codeql/codeql/javascript/tools/data/externs/nodejs/constants.js
[2022-12-14 01:04:24] [build-stdout] Done extracting /home/user/codeql/codeql/javascript/tools/data/externs/nodejs/constants.js (75 ms)
[2022-12-14 01:04:24] [build-stdout] Extracting /home/user/codeql/codeql/javascript/tools/data/externs/nodejs/dns.js
[2022-12-14 01:04:24] [build-stdout] Done extracting /home/user/codeql/codeql/javascript/tools/data/externs/nodejs/dns.js (15 ms)
[2022-12-14 01:04:24] [build-stdout] Extracting /home/user/codeql/codeql/javascript/tools/data/externs/nodejs/events.js
[2022-12-14 01:04:24] [build-stdout] Done extracting /home/user/codeql/codeql/javascript/tools/data/externs/nodejs/events.js (5 ms)
[2022-12-14 01:04:24] [build-stdout] Extracting /home/user/codeql/codeql/javascript/tools/data/externs/nodejs/module.js
[2022-12-14 01:04:24] [build-stdout] Done extracting /home/user/codeql/codeql/javascript/tools/data/externs/nodejs/module.js (5 ms)
[2022-12-14 01:04:24] [build-stdout] Extracting /home/user/codeql/codeql/javascript/tools/data/externs/nodejs/crypto.js
[2022-12-14 01:04:24] [build-stdout] Done extracting /home/user/codeql/codeql/javascript/tools/data/externs/nodejs/crypto.js (48 ms)
[2022-12-14 01:04:24] [build-stdout] Extracting /home/user/codeql/codeql/javascript/tools/data/externs/nodejs/repl.js
[2022-12-14 01:04:24] [build-stdout] Done extracting /home/user/codeql/codeql/javascript/tools/data/externs/nodejs/repl.js (5 ms)
[2022-12-14 01:04:24] [build-stdout] Extracting /home/user/codeql/codeql/javascript/tools/data/externs/nodejs/timers.js
[2022-12-14 01:04:24] [build-stdout] Done extracting /home/user/codeql/codeql/javascript/tools/data/externs/nodejs/timers.js (8 ms)
[2022-12-14 01:04:24] [build-stdout] Extracting /home/user/codeql/codeql/javascript/tools/data/externs/nodejs/domain.js
[2022-12-14 01:04:24] [build-stdout] Done extracting /home/user/codeql/codeql/javascript/tools/data/externs/nodejs/domain.js (6 ms)
[2022-12-14 01:04:24] [build-stdout] Extracting /home/user/codeql/codeql/javascript/tools/data/externs/nodejs/sys.js
[2022-12-14 01:04:24] [build-stdout] Done extracting /home/user/codeql/codeql/javascript/tools/data/externs/nodejs/sys.js (1 ms)
[2022-12-14 01:04:24] [build-stdout] Extracting /home/user/codeql/codeql/javascript/tools/data/externs/nodejs/vm.js
[2022-12-14 01:04:24] [build-stdout] Done extracting /home/user/codeql/codeql/javascript/tools/data/externs/nodejs/vm.js (8 ms)
[2022-12-14 01:04:24] [build-stdout] Extracting /home/user/codeql/codeql/javascript/tools/data/externs/nodejs/fs.js
[2022-12-14 01:04:24] [build-stdout] Done extracting /home/user/codeql/codeql/javascript/tools/data/externs/nodejs/fs.js (87 ms)
[2022-12-14 01:04:24] [build-stdout] Extracting /home/user/codeql/codeql/javascript/tools/data/externs/nodejs/url.js
[2022-12-14 01:04:24] [build-stdout] Done extracting /home/user/codeql/codeql/javascript/tools/data/externs/nodejs/url.js (5 ms)
[2022-12-14 01:04:24] [build-stdout] Extracting /home/user/codeql/codeql/javascript/tools/data/externs/nodejs/util.js
[2022-12-14 01:04:24] [build-stdout] Done extracting /home/user/codeql/codeql/javascript/tools/data/externs/nodejs/util.js (14 ms)
[2022-12-14 01:04:24] [build-stdout] Extracting /home/user/codeql/codeql/javascript/tools/data/externs/nodejs/stream.js
[2022-12-14 01:04:24] [build-stdout] Done extracting /home/user/codeql/codeql/javascript/tools/data/externs/nodejs/stream.js (42 ms)
[2022-12-14 01:04:24] [build-stdout] Extracting /home/user/codeql/codeql/javascript/tools/data/externs/nodejs/assert.js
[2022-12-14 01:04:24] [build-stdout] Done extracting /home/user/codeql/codeql/javascript/tools/data/externs/nodejs/assert.js (7 ms)
[2022-12-14 01:04:24] [build-stdout] Extracting /home/user/codeql/codeql/javascript/tools/data/externs/nodejs/zlib.js
[2022-12-14 01:04:24] [build-stdout] Done extracting /home/user/codeql/codeql/javascript/tools/data/externs/nodejs/zlib.js (25 ms)
[2022-12-14 01:04:24] [build-stdout] Extracting /home/user/codeql/codeql/javascript/tools/data/externs/nodejs/net.js
[2022-12-14 01:04:24] [build-stdout] Done extracting /home/user/codeql/codeql/javascript/tools/data/externs/nodejs/net.js (22 ms)
[2022-12-14 01:04:24] [build-stdout] Extracting /home/user/codeql/codeql/javascript/tools/data/externs/nodejs/process.js
[2022-12-14 01:04:24] [build-stdout] Done extracting /home/user/codeql/codeql/javascript/tools/data/externs/nodejs/process.js (1 ms)
[2022-12-14 01:04:24] [build-stdout] Extracting /home/user/codeql/codeql/javascript/tools/data/externs/es/es6_collections.js
[2022-12-14 01:04:24] [build-stdout] Done extracting /home/user/codeql/codeql/javascript/tools/data/externs/es/es6_collections.js (10 ms)
[2022-12-14 01:04:24] [build-stdout] Extracting /home/user/codeql/codeql/javascript/tools/data/externs/es/es2017.js
[2022-12-14 01:04:24] [build-stdout] Done extracting /home/user/codeql/codeql/javascript/tools/data/externs/es/es2017.js (4 ms)
[2022-12-14 01:04:24] [build-stdout] Extracting /home/user/codeql/codeql/javascript/tools/data/externs/es/es2016.js
[2022-12-14 01:04:24] [build-stdout] Done extracting /home/user/codeql/codeql/javascript/tools/data/externs/es/es2016.js (1 ms)
[2022-12-14 01:04:24] [build-stdout] Extracting /home/user/codeql/codeql/javascript/tools/data/externs/es/intl.js
[2022-12-14 01:04:24] [build-stdout] Done extracting /home/user/codeql/codeql/javascript/tools/data/externs/es/intl.js (10 ms)
[2022-12-14 01:04:24] [build-stdout] Extracting /home/user/codeql/codeql/javascript/tools/data/externs/es/es6.js
[2022-12-14 01:04:24] [build-stdout] Done extracting /home/user/codeql/codeql/javascript/tools/data/externs/es/es6.js (70 ms)
[2022-12-14 01:04:24] [build-stdout] Extracting /home/user/codeql/codeql/javascript/tools/data/externs/es/es3.js
[2022-12-14 01:04:24] [build-stdout] Done extracting /home/user/codeql/codeql/javascript/tools/data/externs/es/es3.js (86 ms)
[2022-12-14 01:04:24] [build-stdout] Extracting /home/user/codeql/codeql/javascript/tools/data/externs/es/es5.js
[2022-12-14 01:04:24] [build-stdout] Done extracting /home/user/codeql/codeql/javascript/tools/data/externs/es/es5.js (10 ms)
[2022-12-14 01:04:24] [build-stdout] Extracting /home/user/codeql/codeql/javascript/tools/data/externs/es/proxy.js
[2022-12-14 01:04:24] [build-stdout] Done extracting /home/user/codeql/codeql/javascript/tools/data/externs/es/proxy.js (1 ms)
[2022-12-14 01:04:24] [build-stdout] Extracting /home/user/codeql/codeql/javascript/tools/data/externs/vm/spidermonkey.js
[2022-12-14 01:04:24] [build-stdout] Done extracting /home/user/codeql/codeql/javascript/tools/data/externs/vm/spidermonkey.js (1 ms)
[2022-12-14 01:04:24] [build-stdout] Extracting /home/user/codeql/codeql/javascript/tools/data/externs/vm/v8.js
[2022-12-14 01:04:24] [build-stdout] Done extracting /home/user/codeql/codeql/javascript/tools/data/externs/vm/v8.js (3 ms)
[2022-12-14 01:04:24] [build-stdout] Extracting /home/user/codeql/codeql/javascript/tools/data/externs/vm/rhino.js
[2022-12-14 01:04:24] [build-stdout] Done extracting /home/user/codeql/codeql/javascript/tools/data/externs/vm/rhino.js (3 ms)
[2022-12-14 01:04:24] [build-stdout] Extracting /home/user/codeql/codeql/javascript/tools/data/externs/vm/jsshell.js
[2022-12-14 01:04:24] [build-stdout] Done extracting /home/user/codeql/codeql/javascript/tools/data/externs/vm/jsshell.js (27 ms)
[2022-12-14 01:04:24] [build-stdout] Extracting /home/user/codeql/codeql/javascript/tools/data/externs/lib/bdd.js
[2022-12-14 01:04:25] [build-stdout] Done extracting /home/user/codeql/codeql/javascript/tools/data/externs/lib/bdd.js (6 ms)
[2022-12-14 01:04:25] [build-stdout] Extracting /home/user/codeql/codeql/javascript/tools/data/externs/lib/jquery-3.2.js
[2022-12-14 01:04:25] [build-stdout] Done extracting /home/user/codeql/codeql/javascript/tools/data/externs/lib/jquery-3.2.js (110 ms)
[2022-12-14 01:04:25] [build-stdout] Extracting /home/user/codeql/codeql/javascript/tools/data/externs/lib/should.js
[2022-12-14 01:04:25] [build-stdout] Done extracting /home/user/codeql/codeql/javascript/tools/data/externs/lib/should.js (10 ms)
[2022-12-14 01:04:25] [build-stdout] Extracting /home/user/codeql/codeql/javascript/tools/data/externs/lib/vows.js
[2022-12-14 01:04:25] [build-stdout] Done extracting /home/user/codeql/codeql/javascript/tools/data/externs/lib/vows.js (12 ms)
[2022-12-14 01:04:25] Plumbing command codeql database trace-command completed.
[2022-12-14 01:04:25] [PROGRESS] database create> Finalizing database at /home/user/asf/cloner/gh/clones/A_gsa_mygov-bar/codeql_db_javascript.
[2022-12-14 01:04:25] Running plumbing command: codeql database finalize --mode=normal --no-db-cluster -- /home/user/asf/cloner/gh/clones/A_gsa_mygov-bar/codeql_db_javascript
[2022-12-14 01:04:25] [PROGRESS] database finalize> Running TRAP import for CodeQL database at /home/user/asf/cloner/gh/clones/A_gsa_mygov-bar/codeql_db_javascript...
[2022-12-14 01:04:25] Running plumbing command: codeql dataset import --dbscheme=/home/user/codeql/codeql/javascript/semmlecode.javascript.dbscheme -- /home/user/asf/cloner/gh/clones/A_gsa_mygov-bar/codeql_db_javascript/db-javascript /home/user/asf/cloner/gh/clones/A_gsa_mygov-bar/codeql_db_javascript/trap/javascript
[2022-12-14 01:04:25] Clearing disk cache since the version file /home/user/asf/cloner/gh/clones/A_gsa_mygov-bar/codeql_db_javascript/db-javascript/default/cache/version does not exist
[2022-12-14 01:04:25] Tuple pool not found. Clearing relations with cached strings
[2022-12-14 01:04:25] Trimming disk cache at /home/user/asf/cloner/gh/clones/A_gsa_mygov-bar/codeql_db_javascript/db-javascript/default/cache in mode brutal.
[2022-12-14 01:04:25] Sequence stamp origin is -6377113043909448914
[2022-12-14 01:04:25] Pausing evaluation to hard-clear memory at sequence stamp o+0
[2022-12-14 01:04:25] Unpausing evaluation
[2022-12-14 01:04:25] Pausing evaluation to quickly trim disk at sequence stamp o+1
[2022-12-14 01:04:25] Unpausing evaluation
[2022-12-14 01:04:25] Pausing evaluation to zealously trim disk at sequence stamp o+2
[2022-12-14 01:04:25] Unpausing evaluation
[2022-12-14 01:04:25] Trimming completed (9ms): Purged everything.
[2022-12-14 01:04:25] Scanning for files in /home/user/asf/cloner/gh/clones/A_gsa_mygov-bar/codeql_db_javascript/trap/javascript
[2022-12-14 01:04:25] Importing _config.yml.trap.gz (1 of 138)
[2022-12-14 01:04:25] Importing embed-code.html.trap.gz (2 of 138)
[2022-12-14 01:04:25] Importing footer.html.trap.gz (3 of 138)
[2022-12-14 01:04:25] Importing header.html.trap.gz (4 of 138)
[2022-12-14 01:04:25] Importing bookmarklet.js.trap.gz (5 of 138)
[2022-12-14 01:04:25] Importing config.js.trap.gz (6 of 138)
[2022-12-14 01:04:25] Importing embed.js.trap.gz (7 of 138)
[2022-12-14 01:04:25] Importing mygovbar.js.trap.gz (8 of 138)
[2022-12-14 01:04:25] Importing related-widget.js.trap.gz (9 of 138)
[2022-12-14 01:04:25] Importing templates.js.trap.gz (10 of 138)
[2022-12-14 01:04:25] Importing backbone.js.trap.gz (11 of 138)
[2022-12-14 01:04:26] Importing bbq.js.trap.gz (12 of 138)
[2022-12-14 01:04:26] Importing jquery.raty.js.trap.gz (13 of 138)
[2022-12-14 01:04:26] Importing textext.js.trap.gz (14 of 138)
[2022-12-14 01:04:26] Importing underscore.js.trap.gz (15 of 138)
[2022-12-14 01:04:26] Importing related-widget.html.trap.gz (16 of 138)
[2022-12-14 01:04:26] Importing demo.html.trap.gz (17 of 138)
[2022-12-14 01:04:26] Importing main.html.trap.gz (18 of 138)
[2022-12-14 01:04:26] Importing embed.html.trap.gz (19 of 138)
[2022-12-14 01:04:26] Importing embed.js.trap.gz (20 of 138)
[2022-12-14 01:04:26] Importing app.js.trap.gz (21 of 138)
[2022-12-14 01:04:26] Importing jquery.js.trap.gz (22 of 138)
[2022-12-14 01:04:27] Importing mygov-bar.html.trap.gz (23 of 138)
[2022-12-14 01:04:27] Importing mygov-bar.js.trap.gz (24 of 138)
[2022-12-14 01:04:27] Importing package.json.trap.gz (25 of 138)
[2022-12-14 01:04:27] Importing inject.js.trap.gz (26 of 138)
[2022-12-14 01:04:27] Importing mygov-discovery-bar.js.trap.gz (27 of 138)
[2022-12-14 01:04:27] Importing es2016.js.trap.gz (28 of 138)
[2022-12-14 01:04:27] Importing es2017.js.trap.gz (29 of 138)
[2022-12-14 01:04:27] Importing es3.js.trap.gz (30 of 138)
[2022-12-14 01:04:27] Importing es5.js.trap.gz (31 of 138)
[2022-12-14 01:04:27] Importing es6.js.trap.gz (32 of 138)
[2022-12-14 01:04:27] Importing es6_collections.js.trap.gz (33 of 138)
[2022-12-14 01:04:27] Importing intl.js.trap.gz (34 of 138)
[2022-12-14 01:04:27] Importing proxy.js.trap.gz (35 of 138)
[2022-12-14 01:04:27] Importing bdd.js.trap.gz (36 of 138)
[2022-12-14 01:04:27] Importing jquery-3.2.js.trap.gz (37 of 138)
[2022-12-14 01:04:27] Importing should.js.trap.gz (38 of 138)
[2022-12-14 01:04:27] Importing vows.js.trap.gz (39 of 138)
[2022-12-14 01:04:27] Importing assert.js.trap.gz (40 of 138)
[2022-12-14 01:04:27] Importing assert_legacy.js.trap.gz (41 of 138)
[2022-12-14 01:04:27] Importing buffer.js.trap.gz (42 of 138)
[2022-12-14 01:04:27] Importing child_process.js.trap.gz (43 of 138)
[2022-12-14 01:04:27] Importing cluster.js.trap.gz (44 of 138)
[2022-12-14 01:04:27] Importing console.js.trap.gz (45 of 138)
[2022-12-14 01:04:27] Importing constants.js.trap.gz (46 of 138)
[2022-12-14 01:04:27] Importing crypto.js.trap.gz (47 of 138)
[2022-12-14 01:04:27] Importing dgram.js.trap.gz (48 of 138)
[2022-12-14 01:04:27] Importing dns.js.trap.gz (49 of 138)
[2022-12-14 01:04:27] Importing domain.js.trap.gz (50 of 138)
[2022-12-14 01:04:27] Importing events.js.trap.gz (51 of 138)
[2022-12-14 01:04:27] Importing fs.js.trap.gz (52 of 138)
[2022-12-14 01:04:27] Importing globals.js.trap.gz (53 of 138)
[2022-12-14 01:04:27] Importing http.js.trap.gz (54 of 138)
[2022-12-14 01:04:27] Importing https.js.trap.gz (55 of 138)
[2022-12-14 01:04:27] Importing module.js.trap.gz (56 of 138)
[2022-12-14 01:04:27] Importing net.js.trap.gz (57 of 138)
[2022-12-14 01:04:27] Importing os.js.trap.gz (58 of 138)
[2022-12-14 01:04:27] Importing path.js.trap.gz (59 of 138)
[2022-12-14 01:04:27] Importing process.js.trap.gz (60 of 138)
[2022-12-14 01:04:27] Importing punycode.js.trap.gz (61 of 138)
[2022-12-14 01:04:27] Importing querystring.js.trap.gz (62 of 138)
[2022-12-14 01:04:27] Importing readline.js.trap.gz (63 of 138)
[2022-12-14 01:04:27] Importing repl.js.trap.gz (64 of 138)
[2022-12-14 01:04:27] Importing stream.js.trap.gz (65 of 138)
[2022-12-14 01:04:27] Importing string_decoder.js.trap.gz (66 of 138)
[2022-12-14 01:04:27] Importing sys.js.trap.gz (67 of 138)
[2022-12-14 01:04:27] Importing timers.js.trap.gz (68 of 138)
[2022-12-14 01:04:27] Importing tls.js.trap.gz (69 of 138)
[2022-12-14 01:04:27] Importing tty.js.trap.gz (70 of 138)
[2022-12-14 01:04:27] Importing url.js.trap.gz (71 of 138)
[2022-12-14 01:04:27] Importing util.js.trap.gz (72 of 138)
[2022-12-14 01:04:27] Importing v8.js.trap.gz (73 of 138)
[2022-12-14 01:04:27] Importing vm.js.trap.gz (74 of 138)
[2022-12-14 01:04:27] Importing zlib.js.trap.gz (75 of 138)
[2022-12-14 01:04:27] Importing jsshell.js.trap.gz (76 of 138)
[2022-12-14 01:04:27] Importing rhino.js.trap.gz (77 of 138)
[2022-12-14 01:04:27] Importing spidermonkey.js.trap.gz (78 of 138)
[2022-12-14 01:04:27] Importing v8.js.trap.gz (79 of 138)
[2022-12-14 01:04:27] Importing chrome.js.trap.gz (80 of 138)
[2022-12-14 01:04:27] Importing fetchapi.js.trap.gz (81 of 138)
[2022-12-14 01:04:27] Importing fileapi.js.trap.gz (82 of 138)
[2022-12-14 01:04:27] Importing flash.js.trap.gz (83 of 138)
[2022-12-14 01:04:27] Importing gecko_css.js.trap.gz (84 of 138)
[2022-12-14 01:04:27] Importing gecko_dom.js.trap.gz (85 of 138)
[2022-12-14 01:04:27] Importing gecko_event.js.trap.gz (86 of 138)
[2022-12-14 01:04:27] Importing gecko_ext.js.trap.gz (87 of 138)
[2022-12-14 01:04:27] Importing gecko_xml.js.trap.gz (88 of 138)
[2022-12-14 01:04:27] Importing html5.js.trap.gz (89 of 138)
[2022-12-14 01:04:27] Importing ie_css.js.trap.gz (90 of 138)
[2022-12-14 01:04:27] Importing ie_dom.js.trap.gz (91 of 138)
[2022-12-14 01:04:27] Importing ie_event.js.trap.gz (92 of 138)
[2022-12-14 01:04:27] Importing ie_vml.js.trap.gz (93 of 138)
[2022-12-14 01:04:27] Importing intl.js.trap.gz (94 of 138)
[2022-12-14 01:04:27] Importing iphone.js.trap.gz (95 of 138)
[2022-12-14 01:04:27] Importing mediasource.js.trap.gz (96 of 138)
[2022-12-14 01:04:27] Importing page_visibility.js.trap.gz (97 of 138)
[2022-12-14 01:04:27] Importing streamsapi.js.trap.gz (98 of 138)
[2022-12-14 01:04:27] Importing url.js.trap.gz (99 of 138)
[2022-12-14 01:04:27] Importing w3c_anim_timing.js.trap.gz (100 of 138)
[2022-12-14 01:04:27] Importing w3c_batterystatus.js.trap.gz (101 of 138)
[2022-12-14 01:04:27] Importing w3c_css.js.trap.gz (102 of 138)
[2022-12-14 01:04:27] Importing w3c_css3d.js.trap.gz (103 of 138)
[2022-12-14 01:04:27] Importing w3c_device_sensor_event.js.trap.gz (104 of 138)
[2022-12-14 01:04:27] Importing w3c_dom1.js.trap.gz (105 of 138)
[2022-12-14 01:04:27] Importing w3c_dom2.js.trap.gz (106 of 138)
[2022-12-14 01:04:27] Importing w3c_dom3.js.trap.gz (107 of 138)
[2022-12-14 01:04:28] Importing w3c_dom4.js.trap.gz (108 of 138)
[2022-12-14 01:04:28] Importing w3c_elementtraversal.js.trap.gz (109 of 138)
[2022-12-14 01:04:28] Importing w3c_encoding.js.trap.gz (110 of 138)
[2022-12-14 01:04:28] Importing w3c_event.js.trap.gz (111 of 138)
[2022-12-14 01:04:28] Importing w3c_event3.js.trap.gz (112 of 138)
[2022-12-14 01:04:28] Importing w3c_gamepad.js.trap.gz (113 of 138)
[2022-12-14 01:04:28] Importing w3c_geolocation.js.trap.gz (114 of 138)
[2022-12-14 01:04:28] Importing w3c_indexeddb.js.trap.gz (115 of 138)
[2022-12-14 01:04:28] Importing w3c_midi.js.trap.gz (116 of 138)
[2022-12-14 01:04:28] Importing w3c_navigation_timing.js.trap.gz (117 of 138)
[2022-12-14 01:04:28] Importing w3c_permissions.js.trap.gz (118 of 138)
[2022-12-14 01:04:28] Importing w3c_pointer_events.js.trap.gz (119 of 138)
[2022-12-14 01:04:28] Importing w3c_range.js.trap.gz (120 of 138)
[2022-12-14 01:04:28] Importing w3c_requestidlecallback.js.trap.gz (121 of 138)
[2022-12-14 01:04:28] Importing w3c_rtc.js.trap.gz (122 of 138)
[2022-12-14 01:04:28] Importing w3c_screen_orientation.js.trap.gz (123 of 138)
[2022-12-14 01:04:28] Importing w3c_selectors.js.trap.gz (124 of 138)
[2022-12-14 01:04:28] Importing w3c_serviceworker.js.trap.gz (125 of 138)
[2022-12-14 01:04:28] Importing w3c_touch_event.js.trap.gz (126 of 138)
[2022-12-14 01:04:28] Importing w3c_webcrypto.js.trap.gz (127 of 138)
[2022-12-14 01:04:28] Importing w3c_xml.js.trap.gz (128 of 138)
[2022-12-14 01:04:28] Importing webgl.js.trap.gz (129 of 138)
[2022-12-14 01:04:28] Importing webkit_css.js.trap.gz (130 of 138)
[2022-12-14 01:04:28] Importing webkit_dom.js.trap.gz (131 of 138)
[2022-12-14 01:04:28] Importing webkit_event.js.trap.gz (132 of 138)
[2022-12-14 01:04:28] Importing webkit_notifications.js.trap.gz (133 of 138)
[2022-12-14 01:04:28] Importing webkit_usercontent.js.trap.gz (134 of 138)
[2022-12-14 01:04:28] Importing webstorage.js.trap.gz (135 of 138)
[2022-12-14 01:04:28] Importing whatwg_encoding.js.trap.gz (136 of 138)
[2022-12-14 01:04:28] Importing window.js.trap.gz (137 of 138)
[2022-12-14 01:04:28] Importing sourceLocationPrefix.trap.gz (138 of 138)
[2022-12-14 01:04:28] Merging 1 fragment for files.
[2022-12-14 01:04:28] Merging 1 fragment for folders.
[2022-12-14 01:04:28] Merging 1 fragment for containerparent.
[2022-12-14 01:04:28] Merging 4 fragments for locations_default.
[2022-12-14 01:04:28] Merging 4 fragments for hasLocation.
[2022-12-14 01:04:28] Merging 1 fragment for extraction_data.
[2022-12-14 01:04:28] Merging 1 fragment for yaml_scalars.
[2022-12-14 01:04:28] Merging 1 fragment for yaml.
[2022-12-14 01:04:28] Merging 1 fragment for yaml_locations.
[2022-12-14 01:04:28] Merging 1 fragment for numlines.
[2022-12-14 01:04:28] Merging 1 fragment for filetype.
[2022-12-14 01:04:28] Merging 1 fragment for extraction_time.
[2022-12-14 01:04:28] Merging 1 fragment for scopes.
[2022-12-14 01:04:28] Merging 1 fragment for template_placeholder_tag_info.
[2022-12-14 01:04:28] Merging 1 fragment for indentation.
[2022-12-14 01:04:28] Merging 2 fragments for tokeninfo.
[2022-12-14 01:04:28] Merging 1 fragment for toplevels.
[2022-12-14 01:04:28] Merging 1 fragment for scopenodes.
[2022-12-14 01:04:28] Merging 1 fragment for scopenesting.
[2022-12-14 01:04:28] Merging 1 fragment for is_module.
[2022-12-14 01:04:28] Merging 1 fragment for stmts.
[2022-12-14 01:04:28] Merging 1 fragment for stmt_containers.
[2022-12-14 01:04:28] Merging 2 fragments for exprs.
[2022-12-14 01:04:28] Merging 2 fragments for enclosing_stmt.
[2022-12-14 01:04:28] Merging 2 fragments for expr_containers.
[2022-12-14 01:04:28] Merging 1 fragment for literals.
[2022-12-14 01:04:28] Merging 1 fragment for variables.
[2022-12-14 01:04:28] Merging 1 fragment for bind.
[2022-12-14 01:04:28] Merging 1 fragment for entry_cfg_node.
[2022-12-14 01:04:28] Merging 1 fragment for exit_cfg_node.
[2022-12-14 01:04:28] Merging 2 fragments for successor.
[2022-12-14 01:04:28] Merging 1 fragment for toplevel_parent_xml_node.
[2022-12-14 01:04:28] Merging 1 fragment for xmlElements.
[2022-12-14 01:04:28] Merging 1 fragment for xmllocations.
[2022-12-14 01:04:28] Merging 1 fragment for xmlAttrs.
[2022-12-14 01:04:28] Merging 1 fragment for xmlComments.
[2022-12-14 01:04:28] Merging 1 fragment for expr_contains_template_tag_location.
[2022-12-14 01:04:28] Merging 1 fragment for guard_node.
[2022-12-14 01:04:28] Merging 1 fragment for is_arguments_object.
[2022-12-14 01:04:28] Merging 1 fragment for decl.
[2022-12-14 01:04:28] Merging 1 fragment for regexpterm.
[2022-12-14 01:04:28] Merging 1 fragment for regexp_const_value.
[2022-12-14 01:04:28] Merging 1 fragment for js_parse_errors.
[2022-12-14 01:04:28] Merging 1 fragment for properties.
[2022-12-14 01:04:28] Merging 1 fragment for is_capture.
[2022-12-14 01:04:28] Merging 1 fragment for is_greedy.
[2022-12-14 01:04:28] Merging 1 fragment for is_inverted.
[2022-12-14 01:04:28] Merging 1 fragment for char_class_escape.
[2022-12-14 01:04:28] Merging 1 fragment for array_size.
[2022-12-14 01:04:28] Merging 1 fragment for comments.
[2022-12-14 01:04:28] Merging 1 fragment for next_token.
[2022-12-14 01:04:28] Merging 1 fragment for jump_targets.
[2022-12-14 01:04:28] Merging 1 fragment for jsdoc.
[2022-12-14 01:04:28] Merging 1 fragment for jsdoc_tags.
[2022-12-14 01:04:28] Merging 1 fragment for jsdoc_tag_descriptions.
[2022-12-14 01:04:28] Merging 1 fragment for backref.
[2022-12-14 01:04:28] Merging 1 fragment for range_quantifier_lower_bound.
[2022-12-14 01:04:28] Merging 1 fragment for range_quantifier_upper_bound.
[2022-12-14 01:04:28] Merging 1 fragment for json.
[2022-12-14 01:04:28] Merging 1 fragment for json_locations.
[2022-12-14 01:04:28] Merging 1 fragment for json_literals.
[2022-12-14 01:04:28] Merging 1 fragment for json_properties.
[2022-12-14 01:04:28] Merging 1 fragment for jsdoc_tag_names.
[2022-12-14 01:04:28] Merging 1 fragment for jsdoc_type_exprs.
[2022-12-14 01:04:28] Merging 1 fragment for is_externs.
[2022-12-14 01:04:28] Merging 1 fragment for jsdoc_prefix_qualifier.
[2022-12-14 01:04:28] Merging 1 fragment for jsdoc_errors.
[2022-12-14 01:04:28] Merging 1 fragment for jsdoc_record_field_name.
[2022-12-14 01:04:28] Merging 1 fragment for jsdoc_has_new_parameter.
[2022-12-14 01:04:28] Merging 1 fragment for is_nodejs.
[2022-12-14 01:04:28] Merging 1 fragment for sourceLocationPrefix.
[2022-12-14 01:04:28] Saving string and id pools to disk.
[2022-12-14 01:04:28] Finished importing trap files.
[2022-12-14 01:04:28] Pausing evaluation to close the cache at sequence stamp o+3
[2022-12-14 01:04:28] The disk cache is freshly trimmed; leave it be.
[2022-12-14 01:04:28] Unpausing evaluation
[2022-12-14 01:04:28] Plumbing command codeql dataset import completed.
[2022-12-14 01:04:28] [PROGRESS] database finalize> TRAP import complete (3.6s).
[2022-12-14 01:04:28] Running plumbing command: codeql database cleanup --mode=normal -- /home/user/asf/cloner/gh/clones/A_gsa_mygov-bar/codeql_db_javascript
[2022-12-14 01:04:28] [PROGRESS] database cleanup> Cleaning up existing TRAP files after import...
[2022-12-14 01:04:28] [PROGRESS] database cleanup> TRAP files cleaned up (9ms).
[2022-12-14 01:04:28] [PROGRESS] database cleanup> Cleaning up scratch directory...
[2022-12-14 01:04:28] [PROGRESS] database cleanup> Scratch directory cleaned up (0ms).
[2022-12-14 01:04:28] Running plumbing command: codeql dataset cleanup --mode=normal -- /home/user/asf/cloner/gh/clones/A_gsa_mygov-bar/codeql_db_javascript/db-javascript
[2022-12-14 01:04:28] [PROGRESS] dataset cleanup> Cleaning up dataset in /home/user/asf/cloner/gh/clones/A_gsa_mygov-bar/codeql_db_javascript/db-javascript.
[2022-12-14 01:04:28] Trimming disk cache at /home/user/asf/cloner/gh/clones/A_gsa_mygov-bar/codeql_db_javascript/db-javascript/default/cache in mode normal.
[2022-12-14 01:04:28] Sequence stamp origin is -6377113028255242759
[2022-12-14 01:04:28] Pausing evaluation to zealously trim disk at sequence stamp o+0
[2022-12-14 01:04:28] Unpausing evaluation
[2022-12-14 01:04:28] Trimming completed (1ms): Trimmed disposable data from cache.
[2022-12-14 01:04:28] Pausing evaluation to close the cache at sequence stamp o+1
[2022-12-14 01:04:28] The disk cache is freshly trimmed; leave it be.
[2022-12-14 01:04:28] Unpausing evaluation
[2022-12-14 01:04:28] [PROGRESS] dataset cleanup> Trimmed disposable data from cache.
[2022-12-14 01:04:28] [PROGRESS] dataset cleanup> Finalizing dataset in /home/user/asf/cloner/gh/clones/A_gsa_mygov-bar/codeql_db_javascript/db-javascript
[2022-12-14 01:04:28] [DETAILS] dataset cleanup> Finished deleting ID pool from /home/user/asf/cloner/gh/clones/A_gsa_mygov-bar/codeql_db_javascript/db-javascript (6ms).
[2022-12-14 01:04:28] Plumbing command codeql dataset cleanup completed.
[2022-12-14 01:04:28] Plumbing command codeql database cleanup completed with status 0.
[2022-12-14 01:04:28] Plumbing command codeql database finalize completed.
[2022-12-14 01:04:28] [PROGRESS] database create> Successfully created database at /home/user/asf/cloner/gh/clones/A_gsa_mygov-bar/codeql_db_javascript.
[2022-12-14 01:04:28] Terminating normally.
